<?xml version="1.0" encoding="UTF-8"?>
<robot generator="Robot 7.1.1 (Python 3.12.13 on linux)" generated="2026-06-17T10:23:51.593009" rpa="false" schemaversion="5">
<suite id="s1" name="Tests" source="/home/runner/work/robot-api-tests/robot-api-tests/tests">
<suite id="s1-s1" name="Auth" source="/home/runner/work/robot-api-tests/robot-api-tests/tests/auth.robot">
<kw name="Create API Session" owner="api_keywords" type="SETUP">
<kw name="Create Session" owner="RequestsLibrary">
<msg time="2026-06-17T10:23:52.200161" level="INFO">Creating Session using : alias=reqres, url=https://reqres.in/api, headers={},                     cookies={}, auth=None, timeout=10, proxies=None, verify=False,                     debug=0 </msg>
<arg>reqres</arg>
<arg>${BASE_URL}</arg>
<arg>timeout=${TIMEOUT}</arg>
<doc>Create Session: create a HTTP session to a server</doc>
<status status="PASS" start="2026-06-17T10:23:52.199907" elapsed="0.000495"/>
</kw>
<status status="PASS" start="2026-06-17T10:23:52.199453" elapsed="0.001078"/>
</kw>
<test id="s1-s1-t1" name="POST Register With Valid Credentials Returns Token" line="9">
<kw name="Create Dictionary" owner="BuiltIn">
<msg time="2026-06-17T10:23:52.201281" level="INFO">&amp;{body} = { email=eve.holt@reqres.in  | password=pistol }</msg>
<var>&amp;{body}</var>
<arg>email=${TEST_EMAIL}</arg>
<arg>password=${TEST_PASSWORD}</arg>
<doc>Creates and returns a dictionary based on the given ``items``.</doc>
<status status="PASS" start="2026-06-17T10:23:52.200918" elapsed="0.000388"/>
</kw>
<kw name="Register User" owner="auth_keywords">
<kw name="POST On Session" owner="RequestsLibrary">
<msg time="2026-06-17T10:23:52.515718" level="INFO">POST Request : url=https://reqres.in/api/register 
 path_url=/api/register 
 headers={'User-Agent': 'python-requests/2.34.2', 'Accept-Encoding': 'gzip, deflate', 'Accept': '*/*', 'Connection': 'keep-alive', 'Content-Length': '54', 'Content-Type': 'application/json'} 
 body=b'{"email": "eve.holt@reqres.in ", "password": "pistol"}' 
 </msg>
<msg time="2026-06-17T10:23:52.515854" level="INFO">POST Response : url=https://reqres.in/api/register 
 status=401, reason=Unauthorized 
 headers={'Date': 'Wed, 17 Jun 2026 10:23:52 GMT', 'Content-Type': 'application/json; charset=utf-8', 'Content-Length': '895', 'Connection': 'keep-alive', 'Access-Control-Allow-Origin': '*', 'Cache-Control': 'no-store', 'Cross-Origin-Opener-Policy': 'same-origin', 'Cross-Origin-Resource-Policy': 'same-origin', 'Etag': 'W/"37f-NsZXA5wLvj0UkmsYJbtRNgFYDoo"', 'Nel': '{"report_to":"heroku-nel","response_headers":["Via"],"max_age":3600,"success_fraction":0.01,"failure_fraction":0.1}', 'Origin-Agent-Cluster': '?1', 'Referrer-Policy': 'strict-origin-when-cross-origin', 'Report-To': '{"group":"heroku-nel","endpoints":[{"url":"https://nel.heroku.com/reports?s=7%2BvLjmoW3uMbnkC6D8GkB%2BoDfi0xtT3PuE47Wf378bY%3D\\u0026sid=c4c9725f-1ab0-44d8-820f-430df2718e11\\u0026ts=1781691832"}],"max_age":3600}', 'Reporting-Endpoints': 'heroku-nel="https://nel.heroku.com/reports?s=7%2BvLjmoW3uMbnkC6D8GkB%2BoDfi0xtT3PuE47Wf378bY%3D&amp;sid=c4c9725f-1ab0-44d8-820f-430df2718e11&amp;ts=1781691832"', 'Server': 'cloudflare', 'Strict-Transport-Security': 'max-age=31536000; includeSubDomains', 'Via': '1.1 heroku-router', 'X-Content-Type-Options': 'nosniff', 'X-Dns-Prefetch-Control': 'off', 'X-Download-Options': 'noopen', 'X-Frame-Options': 'DENY', 'X-Permitted-Cross-Domain-Policies': 'none', 'X-Powered-By': 'ReqRes.in - Deploy backends in 30 seconds', 'X-Reqres-Docs': 'https://reqres.in', 'X-Reqres-Help': 'missing_api_key', 'X-Reqres-Message': 'This API is powered by ReqRes. Deploy your own backend in 30 seconds!', 'X-Reqres-Templates': 'https://app.reqres.in/templates', 'X-Reqres-Tip': 'Add real user auth to your app with magic codes - reqres.in/docs', 'X-Reqres-Upgrade': 'https://app.reqres.in/upgrade', 'X-Request-Id': '9e3d736f-9f51-5656-2569-1a58bcc1f715', 'X-Robots-Tag': 'noindex, nofollow', 'X-Xss-Protection': '0', 'cf-cache-status': 'DYNAMIC', 'CF-RAY': 'a0d1575f8f18cf2b-SJC'} 
 body={"error":"missing_api_key","message":"The x-api-key header is required for this endpoint.","hint":"Send x-api-key for admin calls (/api/*) or Authorization: Bearer &lt;token&gt; for app-user calls (/app/*).","next_steps":["Go to app.reqres.in/api-keys to get your key","Add header: x-api-key: &lt;your_key&gt;","For app user endpoints, use Authorization: Bearer &lt;session_token&gt; instead"],"docs_url":"https://app.reqres.in/docs#authentication","example_curl":"curl -H \"x-api-key: YOUR_API_KEY\" https://api.reqres.in/api/collections","_meta":{"powered_by":"ReqRes","docs_url":"https://app.reqres.in/documentation","upgrade_url":"https://app.reqres.in/upgrade","example_url":"https://app.reqres.in/examples/notes-app","variant":"v1_b","message":"Missing/invalid key. Grab a free key to keep responses consistent.","cta":{"label":"Get started","url":"https://app.reqres.in/api-keys"},"context":"invalid_key"}} 
 </msg>
<msg time="2026-06-17T10:23:52.515943" level="INFO">/opt/hostedtoolcache/Python/3.12.13/x64/lib/python3.12/site-packages/urllib3/connectionpool.py:1110: InsecureRequestWarning: Unverified HTTPS request is being made to host 'reqres.in'. Adding certificate verification is strongly advised. See: https://urllib3.readthedocs.io/en/latest/advanced-usage.html#tls-warnings
  warnings.warn(</msg>
<msg time="2026-06-17T10:23:52.516092" level="INFO">${response} = &lt;Response [401]&gt;</msg>
<var>${response}</var>
<arg>reqres</arg>
<arg>/register</arg>
<arg>json=&amp;{body}</arg>
<arg>expected_status=any</arg>
<doc>Sends a POST request on a previously created HTTP Session.</doc>
<status status="PASS" start="2026-06-17T10:23:52.201757" elapsed="0.314373"/>
</kw>
<return>
<value>${response}</value>
<status status="PASS" start="2026-06-17T10:23:52.516244" elapsed="0.000080"/>
</return>
<msg time="2026-06-17T10:23:52.516553" level="INFO">${response} = &lt;Response [401]&gt;</msg>
<var>${response}</var>
<arg>&amp;{body}</arg>
<status status="PASS" start="2026-06-17T10:23:52.201458" elapsed="0.315125"/>
</kw>
<kw name="Should Be Equal As Integers" owner="BuiltIn">
<msg time="2026-06-17T10:23:52.517238" level="INFO">Argument types are:
&lt;class 'int'&gt;
&lt;class 'str'&gt;</msg>
<msg time="2026-06-17T10:23:52.517350" level="FAIL">401 != 200</msg>
<arg>${response.status_code}</arg>
<arg>200</arg>
<doc>Fails if objects are unequal after converting them to integers.</doc>
<status status="FAIL" start="2026-06-17T10:23:52.516767" elapsed="0.000883">401 != 200</status>
</kw>
<kw name="Dictionary Should Contain Key">
<arg>${response.json()}</arg>
<arg>token</arg>
<status status="NOT RUN" start="2026-06-17T10:23:52.517811" elapsed="0.000019"/>
</kw>
<status status="FAIL" start="2026-06-17T10:23:52.200602" elapsed="0.317376">401 != 200</status>
</test>
<test id="s1-s1-t2" name="POST Register With Missing Password Returns 400" line="15">
<kw name="Create Dictionary" owner="BuiltIn">
<msg time="2026-06-17T10:23:52.518915" level="INFO">&amp;{body} = { email=eve.holt@reqres.in  }</msg>
<var>&amp;{body}</var>
<arg>email=${TEST_EMAIL}</arg>
<doc>Creates and returns a dictionary based on the given ``items``.</doc>
<status status="PASS" start="2026-06-17T10:23:52.518664" elapsed="0.000273"/>
</kw>
<kw name="Register User" owner="auth_keywords">
<kw name="POST On Session" owner="RequestsLibrary">
<msg time="2026-06-17T10:23:52.658306" level="INFO">POST Request : url=https://reqres.in/api/register 
 path_url=/api/register 
 headers={'User-Agent': 'python-requests/2.34.2', 'Accept-Encoding': 'gzip, deflate', 'Accept': '*/*', 'Connection': 'keep-alive', 'Content-Length': '32', 'Content-Type': 'application/json'} 
 body=b'{"email": "eve.holt@reqres.in "}' 
 </msg>
<msg time="2026-06-17T10:23:52.658381" level="INFO">POST Response : url=https://reqres.in/api/register 
 status=401, reason=Unauthorized 
 headers={'Date': 'Wed, 17 Jun 2026 10:23:52 GMT', 'Content-Type': 'application/json; charset=utf-8', 'Content-Length': '895', 'Connection': 'keep-alive', 'Access-Control-Allow-Origin': '*', 'Cache-Control': 'no-store', 'Cross-Origin-Opener-Policy': 'same-origin', 'Cross-Origin-Resource-Policy': 'same-origin', 'Etag': 'W/"37f-NsZXA5wLvj0UkmsYJbtRNgFYDoo"', 'Nel': '{"report_to":"heroku-nel","response_headers":["Via"],"max_age":3600,"success_fraction":0.01,"failure_fraction":0.1}', 'Origin-Agent-Cluster': '?1', 'Referrer-Policy': 'strict-origin-when-cross-origin', 'Report-To': '{"group":"heroku-nel","endpoints":[{"url":"https://nel.heroku.com/reports?s=7%2BvLjmoW3uMbnkC6D8GkB%2BoDfi0xtT3PuE47Wf378bY%3D\\u0026sid=c4c9725f-1ab0-44d8-820f-430df2718e11\\u0026ts=1781691832"}],"max_age":3600}', 'Reporting-Endpoints': 'heroku-nel="https://nel.heroku.com/reports?s=7%2BvLjmoW3uMbnkC6D8GkB%2BoDfi0xtT3PuE47Wf378bY%3D&amp;sid=c4c9725f-1ab0-44d8-820f-430df2718e11&amp;ts=1781691832"', 'Server': 'cloudflare', 'Strict-Transport-Security': 'max-age=31536000; includeSubDomains', 'Via': '1.1 heroku-router', 'X-Content-Type-Options': 'nosniff', 'X-Dns-Prefetch-Control': 'off', 'X-Download-Options': 'noopen', 'X-Frame-Options': 'DENY', 'X-Permitted-Cross-Domain-Policies': 'none', 'X-Powered-By': 'ReqRes.in - Deploy backends in 30 seconds', 'X-Reqres-Docs': 'https://reqres.in', 'X-Reqres-Help': 'missing_api_key', 'X-Reqres-Message': 'This API is powered by ReqRes. Deploy your own backend in 30 seconds!', 'X-Reqres-Templates': 'https://app.reqres.in/templates', 'X-Reqres-Tip': 'Add real user auth to your app with magic codes - reqres.in/docs', 'X-Reqres-Upgrade': 'https://app.reqres.in/upgrade', 'X-Request-Id': '38888f63-09a2-7359-ddc4-e57e2c415e53', 'X-Robots-Tag': 'noindex, nofollow', 'X-Xss-Protection': '0', 'cf-cache-status': 'DYNAMIC', 'CF-RAY': 'a0d1576149d4cf2b-SJC'} 
 body={"error":"missing_api_key","message":"The x-api-key header is required for this endpoint.","hint":"Send x-api-key for admin calls (/api/*) or Authorization: Bearer &lt;token&gt; for app-user calls (/app/*).","next_steps":["Go to app.reqres.in/api-keys to get your key","Add header: x-api-key: &lt;your_key&gt;","For app user endpoints, use Authorization: Bearer &lt;session_token&gt; instead"],"docs_url":"https://app.reqres.in/docs#authentication","example_curl":"curl -H \"x-api-key: YOUR_API_KEY\" https://api.reqres.in/api/collections","_meta":{"powered_by":"ReqRes","docs_url":"https://app.reqres.in/documentation","upgrade_url":"https://app.reqres.in/upgrade","example_url":"https://app.reqres.in/examples/notes-app","variant":"v1_b","message":"Missing/invalid key. Grab a free key to keep responses consistent.","cta":{"label":"Get started","url":"https://app.reqres.in/api-keys"},"context":"invalid_key"}} 
 </msg>
<msg time="2026-06-17T10:23:52.658549" level="INFO">/opt/hostedtoolcache/Python/3.12.13/x64/lib/python3.12/site-packages/urllib3/connectionpool.py:1110: InsecureRequestWarning: Unverified HTTPS request is being made to host 'reqres.in'. Adding certificate verification is strongly advised. See: https://urllib3.readthedocs.io/en/latest/advanced-usage.html#tls-warnings
  warnings.warn(</msg>
<msg time="2026-06-17T10:23:52.658653" level="INFO">${response} = &lt;Response [401]&gt;</msg>
<var>${response}</var>
<arg>reqres</arg>
<arg>/register</arg>
<arg>json=&amp;{body}</arg>
<arg>expected_status=any</arg>
<doc>Sends a POST request on a previously created HTTP Session.</doc>
<status status="PASS" start="2026-06-17T10:23:52.519348" elapsed="0.139341"/>
</kw>
<return>
<value>${response}</value>
<status status="PASS" start="2026-06-17T10:23:52.658786" elapsed="0.000053"/>
</return>
<msg time="2026-06-17T10:23:52.659027" level="INFO">${response} = &lt;Response [401]&gt;</msg>
<var>${response}</var>
<arg>&amp;{body}</arg>
<status status="PASS" start="2026-06-17T10:23:52.519081" elapsed="0.139978"/>
</kw>
<kw name="Should Be Equal As Integers" owner="BuiltIn">
<msg time="2026-06-17T10:23:52.659805" level="INFO">Argument types are:
&lt;class 'int'&gt;
&lt;class 'str'&gt;</msg>
<msg time="2026-06-17T10:23:52.659893" level="FAIL">401 != 400</msg>
<arg>${response.status_code}</arg>
<arg>400</arg>
<doc>Fails if objects are unequal after converting them to integers.</doc>
<status status="FAIL" start="2026-06-17T10:23:52.659219" elapsed="0.000744">401 != 400</status>
</kw>
<kw name="Dictionary Should Contain Key">
<arg>${response.json()}</arg>
<arg>error</arg>
<status status="NOT RUN" start="2026-06-17T10:23:52.660089" elapsed="0.000019"/>
</kw>
<status status="FAIL" start="2026-06-17T10:23:52.518251" elapsed="0.141982">401 != 400</status>
</test>
<test id="s1-s1-t3" name="POST Login With Valid Credentials Returns Token" line="21">
<kw name="Create Dictionary" owner="BuiltIn">
<msg time="2026-06-17T10:23:52.661423" level="INFO">&amp;{body} = { email=eve.holt@reqres.in  | password=cityslicka }</msg>
<var>&amp;{body}</var>
<arg>email=${TEST_EMAIL}</arg>
<arg>password=${LOGIN_PASSWORD}</arg>
<doc>Creates and returns a dictionary based on the given ``items``.</doc>
<status status="PASS" start="2026-06-17T10:23:52.660975" elapsed="0.000485"/>
</kw>
<kw name="Login User" owner="auth_keywords">
<kw name="POST On Session" owner="RequestsLibrary">
<msg time="2026-06-17T10:23:52.802509" level="INFO">POST Request : url=https://reqres.in/api/login 
 path_url=/api/login 
 headers={'User-Agent': 'python-requests/2.34.2', 'Accept-Encoding': 'gzip, deflate', 'Accept': '*/*', 'Connection': 'keep-alive', 'Content-Length': '58', 'Content-Type': 'application/json'} 
 body=b'{"email": "eve.holt@reqres.in ", "password": "cityslicka"}' 
 </msg>
<msg time="2026-06-17T10:23:52.802608" level="INFO">POST Response : url=https://reqres.in/api/login 
 status=401, reason=Unauthorized 
 headers={'Date': 'Wed, 17 Jun 2026 10:23:52 GMT', 'Content-Type': 'application/json; charset=utf-8', 'Content-Length': '895', 'Connection': 'keep-alive', 'Access-Control-Allow-Origin': '*', 'Cache-Control': 'no-store', 'Cross-Origin-Opener-Policy': 'same-origin', 'Cross-Origin-Resource-Policy': 'same-origin', 'Etag': 'W/"37f-NsZXA5wLvj0UkmsYJbtRNgFYDoo"', 'Nel': '{"report_to":"heroku-nel","response_headers":["Via"],"max_age":3600,"success_fraction":0.01,"failure_fraction":0.1}', 'Origin-Agent-Cluster': '?1', 'Referrer-Policy': 'strict-origin-when-cross-origin', 'Report-To': '{"group":"heroku-nel","endpoints":[{"url":"https://nel.heroku.com/reports?s=7%2BvLjmoW3uMbnkC6D8GkB%2BoDfi0xtT3PuE47Wf378bY%3D\\u0026sid=c4c9725f-1ab0-44d8-820f-430df2718e11\\u0026ts=1781691832"}],"max_age":3600}', 'Reporting-Endpoints': 'heroku-nel="https://nel.heroku.com/reports?s=7%2BvLjmoW3uMbnkC6D8GkB%2BoDfi0xtT3PuE47Wf378bY%3D&amp;sid=c4c9725f-1ab0-44d8-820f-430df2718e11&amp;ts=1781691832"', 'Server': 'cloudflare', 'Strict-Transport-Security': 'max-age=31536000; includeSubDomains', 'Via': '1.1 heroku-router', 'X-Content-Type-Options': 'nosniff', 'X-Dns-Prefetch-Control': 'off', 'X-Download-Options': 'noopen', 'X-Frame-Options': 'DENY', 'X-Permitted-Cross-Domain-Policies': 'none', 'X-Powered-By': 'ReqRes.in - Deploy backends in 30 seconds', 'X-Reqres-Docs': 'https://reqres.in', 'X-Reqres-Help': 'missing_api_key', 'X-Reqres-Message': 'This API is powered by ReqRes. Deploy your own backend in 30 seconds!', 'X-Reqres-Templates': 'https://app.reqres.in/templates', 'X-Reqres-Tip': 'Generate a complete backend from a description - app.reqres.in/dashboard', 'X-Reqres-Upgrade': 'https://app.reqres.in/upgrade', 'X-Request-Id': '904c9169-cd08-1344-eb16-e4644b16f796', 'X-Robots-Tag': 'noindex, nofollow', 'X-Xss-Protection': '0', 'cf-cache-status': 'DYNAMIC', 'CF-RAY': 'a0d157622b3dcf2b-SJC'} 
 body={"error":"missing_api_key","message":"The x-api-key header is required for this endpoint.","hint":"Send x-api-key for admin calls (/api/*) or Authorization: Bearer &lt;token&gt; for app-user calls (/app/*).","next_steps":["Go to app.reqres.in/api-keys to get your key","Add header: x-api-key: &lt;your_key&gt;","For app user endpoints, use Authorization: Bearer &lt;session_token&gt; instead"],"docs_url":"https://app.reqres.in/docs#authentication","example_curl":"curl -H \"x-api-key: YOUR_API_KEY\" https://api.reqres.in/api/collections","_meta":{"powered_by":"ReqRes","docs_url":"https://app.reqres.in/documentation","upgrade_url":"https://app.reqres.in/upgrade","example_url":"https://app.reqres.in/examples/notes-app","variant":"v1_b","message":"Missing/invalid key. Grab a free key to keep responses consistent.","cta":{"label":"Get started","url":"https://app.reqres.in/api-keys"},"context":"invalid_key"}} 
 </msg>
<msg time="2026-06-17T10:23:52.802696" level="INFO">/opt/hostedtoolcache/Python/3.12.13/x64/lib/python3.12/site-packages/urllib3/connectionpool.py:1110: InsecureRequestWarning: Unverified HTTPS request is being made to host 'reqres.in'. Adding certificate verification is strongly advised. See: https://urllib3.readthedocs.io/en/latest/advanced-usage.html#tls-warnings
  warnings.warn(</msg>
<msg time="2026-06-17T10:23:52.802803" level="INFO">${response} = &lt;Response [401]&gt;</msg>
<var>${response}</var>
<arg>reqres</arg>
<arg>/login</arg>
<arg>json=&amp;{body}</arg>
<arg>expected_status=any</arg>
<doc>Sends a POST request on a previously created HTTP Session.</doc>
<status status="PASS" start="2026-06-17T10:23:52.662186" elapsed="0.140639"/>
</kw>
<return>
<value>${response}</value>
<status status="PASS" start="2026-06-17T10:23:52.802906" elapsed="0.000051"/>
</return>
<msg time="2026-06-17T10:23:52.803110" level="INFO">${response} = &lt;Response [401]&gt;</msg>
<var>${response}</var>
<arg>&amp;{body}</arg>
<status status="PASS" start="2026-06-17T10:23:52.661736" elapsed="0.141401"/>
</kw>
<kw name="Should Be Equal As Integers" owner="BuiltIn">
<msg time="2026-06-17T10:23:52.803787" level="INFO">Argument types are:
&lt;class 'int'&gt;
&lt;class 'str'&gt;</msg>
<msg time="2026-06-17T10:23:52.804116" level="FAIL">401 != 200</msg>
<arg>${response.status_code}</arg>
<arg>200</arg>
<doc>Fails if objects are unequal after converting them to integers.</doc>
<status status="FAIL" start="2026-06-17T10:23:52.803261" elapsed="0.000937">401 != 200</status>
</kw>
<kw name="Dictionary Should Contain Key">
<arg>${response.json()}</arg>
<arg>token</arg>
<status status="NOT RUN" start="2026-06-17T10:23:52.804367" elapsed="0.000023"/>
</kw>
<status status="FAIL" start="2026-06-17T10:23:52.660526" elapsed="0.144048">401 != 200</status>
</test>
<test id="s1-s1-t4" name="POST Login With Unrecognised Email Returns 400" line="27">
<kw name="Create Dictionary" owner="BuiltIn">
<msg time="2026-06-17T10:23:52.805427" level="INFO">&amp;{body} = { email=unknown@example.com | password=anything }</msg>
<var>&amp;{body}</var>
<arg>email=unknown@example.com</arg>
<arg>password=anything</arg>
<doc>Creates and returns a dictionary based on the given ``items``.</doc>
<status status="PASS" start="2026-06-17T10:23:52.805173" elapsed="0.000288"/>
</kw>
<kw name="Login User" owner="auth_keywords">
<kw name="POST On Session" owner="RequestsLibrary">
<msg time="2026-06-17T10:23:52.943866" level="INFO">POST Request : url=https://reqres.in/api/login 
 path_url=/api/login 
 headers={'User-Agent': 'python-requests/2.34.2', 'Accept-Encoding': 'gzip, deflate', 'Accept': '*/*', 'Connection': 'keep-alive', 'Content-Length': '56', 'Content-Type': 'application/json'} 
 body=b'{"email": "unknown@example.com", "password": "anything"}' 
 </msg>
<msg time="2026-06-17T10:23:52.943978" level="INFO">POST Response : url=https://reqres.in/api/login 
 status=401, reason=Unauthorized 
 headers={'Date': 'Wed, 17 Jun 2026 10:23:52 GMT', 'Content-Type': 'application/json; charset=utf-8', 'Content-Length': '895', 'Connection': 'keep-alive', 'Access-Control-Allow-Origin': '*', 'Cache-Control': 'no-store', 'Cross-Origin-Opener-Policy': 'same-origin', 'Cross-Origin-Resource-Policy': 'same-origin', 'Etag': 'W/"37f-NsZXA5wLvj0UkmsYJbtRNgFYDoo"', 'Nel': '{"report_to":"heroku-nel","response_headers":["Via"],"max_age":3600,"success_fraction":0.01,"failure_fraction":0.1}', 'Origin-Agent-Cluster': '?1', 'Referrer-Policy': 'strict-origin-when-cross-origin', 'Report-To': '{"group":"heroku-nel","endpoints":[{"url":"https://nel.heroku.com/reports?s=7%2BvLjmoW3uMbnkC6D8GkB%2BoDfi0xtT3PuE47Wf378bY%3D\\u0026sid=c4c9725f-1ab0-44d8-820f-430df2718e11\\u0026ts=1781691832"}],"max_age":3600}', 'Reporting-Endpoints': 'heroku-nel="https://nel.heroku.com/reports?s=7%2BvLjmoW3uMbnkC6D8GkB%2BoDfi0xtT3PuE47Wf378bY%3D&amp;sid=c4c9725f-1ab0-44d8-820f-430df2718e11&amp;ts=1781691832"', 'Server': 'cloudflare', 'Strict-Transport-Security': 'max-age=31536000; includeSubDomains', 'Via': '1.1 heroku-router', 'X-Content-Type-Options': 'nosniff', 'X-Dns-Prefetch-Control': 'off', 'X-Download-Options': 'noopen', 'X-Frame-Options': 'DENY', 'X-Permitted-Cross-Domain-Policies': 'none', 'X-Powered-By': 'ReqRes.in - Deploy backends in 30 seconds', 'X-Reqres-Docs': 'https://reqres.in', 'X-Reqres-Help': 'missing_api_key', 'X-Reqres-Message': 'This API is powered by ReqRes. Deploy your own backend in 30 seconds!', 'X-Reqres-Templates': 'https://app.reqres.in/templates', 'X-Reqres-Tip': 'Generate a complete backend from a description - app.reqres.in/dashboard', 'X-Reqres-Upgrade': 'https://app.reqres.in/upgrade', 'X-Request-Id': 'c2c18fcd-bab1-86e5-28ca-843fb3e01193', 'X-Robots-Tag': 'noindex, nofollow', 'X-Xss-Protection': '0', 'cf-cache-status': 'DYNAMIC', 'CF-RAY': 'a0d157630cc0cf2b-SJC'} 
 body={"error":"missing_api_key","message":"The x-api-key header is required for this endpoint.","hint":"Send x-api-key for admin calls (/api/*) or Authorization: Bearer &lt;token&gt; for app-user calls (/app/*).","next_steps":["Go to app.reqres.in/api-keys to get your key","Add header: x-api-key: &lt;your_key&gt;","For app user endpoints, use Authorization: Bearer &lt;session_token&gt; instead"],"docs_url":"https://app.reqres.in/docs#authentication","example_curl":"curl -H \"x-api-key: YOUR_API_KEY\" https://api.reqres.in/api/collections","_meta":{"powered_by":"ReqRes","docs_url":"https://app.reqres.in/documentation","upgrade_url":"https://app.reqres.in/upgrade","example_url":"https://app.reqres.in/examples/notes-app","variant":"v1_b","message":"Missing/invalid key. Grab a free key to keep responses consistent.","cta":{"label":"Get started","url":"https://app.reqres.in/api-keys"},"context":"invalid_key"}} 
 </msg>
<msg time="2026-06-17T10:23:52.944069" level="INFO">/opt/hostedtoolcache/Python/3.12.13/x64/lib/python3.12/site-packages/urllib3/connectionpool.py:1110: InsecureRequestWarning: Unverified HTTPS request is being made to host 'reqres.in'. Adding certificate verification is strongly advised. See: https://urllib3.readthedocs.io/en/latest/advanced-usage.html#tls-warnings
  warnings.warn(</msg>
<msg time="2026-06-17T10:23:52.944183" level="INFO">${response} = &lt;Response [401]&gt;</msg>
<var>${response}</var>
<arg>reqres</arg>
<arg>/login</arg>
<arg>json=&amp;{body}</arg>
<arg>expected_status=any</arg>
<doc>Sends a POST request on a previously created HTTP Session.</doc>
<status status="PASS" start="2026-06-17T10:23:52.806117" elapsed="0.138088"/>
</kw>
<return>
<value>${response}</value>
<status status="PASS" start="2026-06-17T10:23:52.944315" elapsed="0.000059"/>
</return>
<msg time="2026-06-17T10:23:52.944588" level="INFO">${response} = &lt;Response [401]&gt;</msg>
<var>${response}</var>
<arg>&amp;{body}</arg>
<status status="PASS" start="2026-06-17T10:23:52.805679" elapsed="0.138939"/>
</kw>
<kw name="Should Be Equal As Integers" owner="BuiltIn">
<msg time="2026-06-17T10:23:52.945391" level="INFO">Argument types are:
&lt;class 'int'&gt;
&lt;class 'str'&gt;</msg>
<msg time="2026-06-17T10:23:52.945512" level="FAIL">401 != 400</msg>
<arg>${response.status_code}</arg>
<arg>400</arg>
<doc>Fails if objects are unequal after converting them to integers.</doc>
<status status="FAIL" start="2026-06-17T10:23:52.944797" elapsed="0.000780">401 != 400</status>
</kw>
<kw name="Dictionary Should Contain Key">
<arg>${response.json()}</arg>
<arg>error</arg>
<status status="NOT RUN" start="2026-06-17T10:23:52.945703" elapsed="0.000017"/>
</kw>
<status status="FAIL" start="2026-06-17T10:23:52.804805" elapsed="0.141031">401 != 400</status>
</test>
<kw name="Delete API Session" owner="api_keywords" type="TEARDOWN">
<kw name="Delete All Sessions" owner="RequestsLibrary">
<msg time="2026-06-17T10:23:52.946681" level="INFO">Deleting All Sessions</msg>
<doc>Removes all the session objects</doc>
<status status="PASS" start="2026-06-17T10:23:52.946618" elapsed="0.000133"/>
</kw>
<status status="PASS" start="2026-06-17T10:23:52.946427" elapsed="0.000372"/>
</kw>
<status status="FAIL" start="2026-06-17T10:23:51.616415" elapsed="1.330407"/>
</suite>
<suite id="s1-s2" name="Error Cases" source="/home/runner/work/robot-api-tests/robot-api-tests/tests/error_cases.robot">
<kw name="Create API Session" owner="api_keywords" type="SETUP">
<kw name="Create Session" owner="RequestsLibrary">
<msg time="2026-06-17T10:23:52.953865" level="INFO">Creating Session using : alias=reqres, url=https://reqres.in/api, headers={},                     cookies={}, auth=None, timeout=10, proxies=None, verify=False,                     debug=0 </msg>
<arg>reqres</arg>
<arg>${BASE_URL}</arg>
<arg>timeout=${TIMEOUT}</arg>
<doc>Create Session: create a HTTP session to a server</doc>
<status status="PASS" start="2026-06-17T10:23:52.953559" elapsed="0.000519"/>
</kw>
<status status="PASS" start="2026-06-17T10:23:52.953291" elapsed="0.000887"/>
</kw>
<test id="s1-s2-t1" name="GET Non-Existent User Returns 404" line="10">
<kw name="Get User" owner="user_keywords">
<kw name="GET On Session" owner="RequestsLibrary">
<msg time="2026-06-17T10:23:53.260002" level="INFO">GET Request : url=https://reqres.in/api/users/9999 
 path_url=/api/users/9999 
 headers={'User-Agent': 'python-requests/2.34.2', 'Accept-Encoding': 'gzip, deflate', 'Accept': '*/*', 'Connection': 'keep-alive'} 
 body=None 
 </msg>
<msg time="2026-06-17T10:23:53.260099" level="INFO">GET Response : url=https://reqres.in/api/users/9999 
 status=401, reason=Unauthorized 
 headers={'Date': 'Wed, 17 Jun 2026 10:23:53 GMT', 'Content-Type': 'application/json; charset=utf-8', 'Content-Length': '854', 'Connection': 'keep-alive', 'Access-Control-Allow-Origin': '*', 'Cache-Control': 'no-store', 'Cross-Origin-Opener-Policy': 'same-origin', 'Cross-Origin-Resource-Policy': 'same-origin', 'Etag': 'W/"356-3SOBwu5DiW3V62Koj5F7cYGfANE"', 'Nel': '{"report_to":"heroku-nel","response_headers":["Via"],"max_age":3600,"success_fraction":0.01,"failure_fraction":0.1}', 'Origin-Agent-Cluster': '?1', 'Referrer-Policy': 'strict-origin-when-cross-origin', 'Report-To': '{"group":"heroku-nel","endpoints":[{"url":"https://nel.heroku.com/reports?s=zwJaAhdcEikWIEzfjGJVagLtToRWXKsi0IMJa7fIosA%3D\\u0026sid=c4c9725f-1ab0-44d8-820f-430df2718e11\\u0026ts=1781691833"}],"max_age":3600}', 'Reporting-Endpoints': 'heroku-nel="https://nel.heroku.com/reports?s=zwJaAhdcEikWIEzfjGJVagLtToRWXKsi0IMJa7fIosA%3D&amp;sid=c4c9725f-1ab0-44d8-820f-430df2718e11&amp;ts=1781691833"', 'Server': 'cloudflare', 'Strict-Transport-Security': 'max-age=31536000; includeSubDomains', 'Via': '1.1 heroku-router', 'X-Content-Type-Options': 'nosniff', 'X-Dns-Prefetch-Control': 'off', 'X-Download-Options': 'noopen', 'X-Frame-Options': 'DENY', 'X-Permitted-Cross-Domain-Policies': 'none', 'X-Powered-By': 'ReqRes.in - Deploy backends in 30 seconds', 'X-Reqres-Docs': 'https://reqres.in', 'X-Reqres-Help': 'missing_api_key', 'X-Reqres-Message': 'This API is powered by ReqRes. Deploy your own backend in 30 seconds!', 'X-Reqres-Templates': 'https://app.reqres.in/templates', 'X-Reqres-Tip': 'Add real user auth to your app with magic codes - reqres.in/docs', 'X-Reqres-Upgrade': 'https://app.reqres.in/upgrade', 'X-Request-Id': 'c242065d-c300-95e3-c477-47b18d03977b', 'X-Robots-Tag': 'noindex, nofollow', 'X-Xss-Protection': '0', 'cf-cache-status': 'BYPASS', 'CF-RAY': 'a0d157642cc6fc54-SJC'} 
 body={"error":"missing_api_key","message":"The x-api-key header is required for this endpoint.","hint":"Create a free key at app.reqres.in and send it as x-api-key.","next_steps":["Go to app.reqres.in/api-keys to get your key","Add header: x-api-key: &lt;your_key&gt;","For app user endpoints, use Authorization: Bearer &lt;session_token&gt; instead"],"docs_url":"https://app.reqres.in/docs#authentication","example_curl":"curl -H \"x-api-key: YOUR_API_KEY\" https://api.reqres.in/api/collections","_meta":{"powered_by":"ReqRes","docs_url":"https://app.reqres.in/documentation","upgrade_url":"https://app.reqres.in/upgrade","example_url":"https://app.reqres.in/examples/notes-app","variant":"v1_b","message":"Missing/invalid key. Grab a free key to keep responses consistent.","cta":{"label":"Get started","url":"https://app.reqres.in/api-keys"},"context":"invalid_key"}} 
 </msg>
<msg time="2026-06-17T10:23:53.260255" level="INFO">/opt/hostedtoolcache/Python/3.12.13/x64/lib/python3.12/site-packages/urllib3/connectionpool.py:1110: InsecureRequestWarning: Unverified HTTPS request is being made to host 'reqres.in'. Adding certificate verification is strongly advised. See: https://urllib3.readthedocs.io/en/latest/advanced-usage.html#tls-warnings
  warnings.warn(</msg>
<msg time="2026-06-17T10:23:53.260399" level="INFO">${response} = &lt;Response [401]&gt;</msg>
<var>${response}</var>
<arg>reqres</arg>
<arg>/users/${user_id}</arg>
<arg>expected_status=any</arg>
<doc>Sends a GET request on a previously created HTTP Session.</doc>
<status status="PASS" start="2026-06-17T10:23:52.955076" elapsed="0.305359"/>
</kw>
<return>
<value>${response}</value>
<status status="PASS" start="2026-06-17T10:23:53.260567" elapsed="0.000061"/>
</return>
<msg time="2026-06-17T10:23:53.260798" level="INFO">${response} = &lt;Response [401]&gt;</msg>
<var>${response}</var>
<arg>${INVALID_USER_ID}</arg>
<status status="PASS" start="2026-06-17T10:23:52.954741" elapsed="0.306084"/>
</kw>
<kw name="Should Be Equal As Integers" owner="BuiltIn">
<msg time="2026-06-17T10:23:53.261381" level="INFO">Argument types are:
&lt;class 'int'&gt;
&lt;class 'str'&gt;</msg>
<msg time="2026-06-17T10:23:53.261502" level="FAIL">401 != 404</msg>
<arg>${response.status_code}</arg>
<arg>404</arg>
<doc>Fails if objects are unequal after converting them to integers.</doc>
<status status="FAIL" start="2026-06-17T10:23:53.260974" elapsed="0.000596">401 != 404</status>
</kw>
<status status="FAIL" start="2026-06-17T10:23:52.954260" elapsed="0.307440">401 != 404</status>
</test>
<test id="s1-s2-t2" name="POST Register With Missing Password Returns 400 Error Message" line="14">
<kw name="Create Dictionary" owner="BuiltIn">
<msg time="2026-06-17T10:23:53.262585" level="INFO">&amp;{body} = { email=eve.holt@reqres.in  }</msg>
<var>&amp;{body}</var>
<arg>email=${TEST_EMAIL}</arg>
<doc>Creates and returns a dictionary based on the given ``items``.</doc>
<status status="PASS" start="2026-06-17T10:23:53.262326" elapsed="0.000280"/>
</kw>
<kw name="Register User" owner="auth_keywords">
<kw name="POST On Session" owner="RequestsLibrary">
<msg time="2026-06-17T10:23:53.534913" level="INFO">POST Request : url=https://reqres.in/api/register 
 path_url=/api/register 
 headers={'User-Agent': 'python-requests/2.34.2', 'Accept-Encoding': 'gzip, deflate', 'Accept': '*/*', 'Connection': 'keep-alive', 'Content-Length': '32', 'Content-Type': 'application/json'} 
 body=b'{"email": "eve.holt@reqres.in "}' 
 </msg>
<msg time="2026-06-17T10:23:53.535023" level="INFO">POST Response : url=https://reqres.in/api/register 
 status=401, reason=Unauthorized 
 headers={'Date': 'Wed, 17 Jun 2026 10:23:53 GMT', 'Content-Type': 'application/json; charset=utf-8', 'Content-Length': '895', 'Connection': 'keep-alive', 'Access-Control-Allow-Origin': '*', 'Cache-Control': 'no-store', 'Cross-Origin-Opener-Policy': 'same-origin', 'Cross-Origin-Resource-Policy': 'same-origin', 'Etag': 'W/"37f-NsZXA5wLvj0UkmsYJbtRNgFYDoo"', 'Nel': '{"report_to":"heroku-nel","response_headers":["Via"],"max_age":3600,"success_fraction":0.01,"failure_fraction":0.1}', 'Origin-Agent-Cluster': '?1', 'Referrer-Policy': 'strict-origin-when-cross-origin', 'Report-To': '{"group":"heroku-nel","endpoints":[{"url":"https://nel.heroku.com/reports?s=zwJaAhdcEikWIEzfjGJVagLtToRWXKsi0IMJa7fIosA%3D\\u0026sid=c4c9725f-1ab0-44d8-820f-430df2718e11\\u0026ts=1781691833"}],"max_age":3600}', 'Reporting-Endpoints': 'heroku-nel="https://nel.heroku.com/reports?s=zwJaAhdcEikWIEzfjGJVagLtToRWXKsi0IMJa7fIosA%3D&amp;sid=c4c9725f-1ab0-44d8-820f-430df2718e11&amp;ts=1781691833"', 'Server': 'cloudflare', 'Strict-Transport-Security': 'max-age=31536000; includeSubDomains', 'Via': '1.1 heroku-router', 'X-Content-Type-Options': 'nosniff', 'X-Dns-Prefetch-Control': 'off', 'X-Download-Options': 'noopen', 'X-Frame-Options': 'DENY', 'X-Permitted-Cross-Domain-Policies': 'none', 'X-Powered-By': 'ReqRes.in - Deploy backends in 30 seconds', 'X-Reqres-Docs': 'https://reqres.in', 'X-Reqres-Help': 'missing_api_key', 'X-Reqres-Message': 'This API is powered by ReqRes. Deploy your own backend in 30 seconds!', 'X-Reqres-Templates': 'https://app.reqres.in/templates', 'X-Reqres-Tip': 'Build with your own data, not fixtures - app.reqres.in/dashboard', 'X-Reqres-Upgrade': 'https://app.reqres.in/upgrade', 'X-Request-Id': '90269b9b-4aad-70d3-6000-2fb1f921421d', 'X-Robots-Tag': 'noindex, nofollow', 'X-Xss-Protection': '0', 'cf-cache-status': 'DYNAMIC', 'CF-RAY': 'a0d15765edc9fc54-SJC'} 
 body={"error":"missing_api_key","message":"The x-api-key header is required for this endpoint.","hint":"Send x-api-key for admin calls (/api/*) or Authorization: Bearer &lt;token&gt; for app-user calls (/app/*).","next_steps":["Go to app.reqres.in/api-keys to get your key","Add header: x-api-key: &lt;your_key&gt;","For app user endpoints, use Authorization: Bearer &lt;session_token&gt; instead"],"docs_url":"https://app.reqres.in/docs#authentication","example_curl":"curl -H \"x-api-key: YOUR_API_KEY\" https://api.reqres.in/api/collections","_meta":{"powered_by":"ReqRes","docs_url":"https://app.reqres.in/documentation","upgrade_url":"https://app.reqres.in/upgrade","example_url":"https://app.reqres.in/examples/notes-app","variant":"v1_b","message":"Missing/invalid key. Grab a free key to keep responses consistent.","cta":{"label":"Get started","url":"https://app.reqres.in/api-keys"},"context":"invalid_key"}} 
 </msg>
<msg time="2026-06-17T10:23:53.535114" level="INFO">/opt/hostedtoolcache/Python/3.12.13/x64/lib/python3.12/site-packages/urllib3/connectionpool.py:1110: InsecureRequestWarning: Unverified HTTPS request is being made to host 'reqres.in'. Adding certificate verification is strongly advised. See: https://urllib3.readthedocs.io/en/latest/advanced-usage.html#tls-warnings
  warnings.warn(</msg>
<msg time="2026-06-17T10:23:53.535266" level="INFO">${response} = &lt;Response [401]&gt;</msg>
<var>${response}</var>
<arg>reqres</arg>
<arg>/register</arg>
<arg>json=&amp;{body}</arg>
<arg>expected_status=any</arg>
<doc>Sends a POST request on a previously created HTTP Session.</doc>
<status status="PASS" start="2026-06-17T10:23:53.262991" elapsed="0.272312"/>
</kw>
<return>
<value>${response}</value>
<status status="PASS" start="2026-06-17T10:23:53.535410" elapsed="0.000076"/>
</return>
<msg time="2026-06-17T10:23:53.535661" level="INFO">${response} = &lt;Response [401]&gt;</msg>
<var>${response}</var>
<arg>&amp;{body}</arg>
<status status="PASS" start="2026-06-17T10:23:53.262747" elapsed="0.272942"/>
</kw>
<kw name="Should Be Equal As Integers" owner="BuiltIn">
<msg time="2026-06-17T10:23:53.536272" level="INFO">Argument types are:
&lt;class 'int'&gt;
&lt;class 'str'&gt;</msg>
<msg time="2026-06-17T10:23:53.536355" level="FAIL">401 != 400</msg>
<arg>${response.status_code}</arg>
<arg>400</arg>
<doc>Fails if objects are unequal after converting them to integers.</doc>
<status status="FAIL" start="2026-06-17T10:23:53.535840" elapsed="0.000572">401 != 400</status>
</kw>
<kw name="Dictionary Should Contain Key">
<arg>${response.json()}</arg>
<arg>error</arg>
<status status="NOT RUN" start="2026-06-17T10:23:53.536576" elapsed="0.000019"/>
</kw>
<status status="FAIL" start="2026-06-17T10:23:53.261925" elapsed="0.274788">401 != 400</status>
</test>
<test id="s1-s2-t3" name="POST Login With Unrecognised Email Returns 400 Error Message" line="20">
<kw name="Create Dictionary" owner="BuiltIn">
<msg time="2026-06-17T10:23:53.537520" level="INFO">&amp;{body} = { email=nobody@example.com | password=anything }</msg>
<var>&amp;{body}</var>
<arg>email=nobody@example.com</arg>
<arg>password=anything</arg>
<doc>Creates and returns a dictionary based on the given ``items``.</doc>
<status status="PASS" start="2026-06-17T10:23:53.537311" elapsed="0.000232"/>
</kw>
<kw name="Login User" owner="auth_keywords">
<kw name="POST On Session" owner="RequestsLibrary">
<msg time="2026-06-17T10:23:53.678664" level="INFO">POST Request : url=https://reqres.in/api/login 
 path_url=/api/login 
 headers={'User-Agent': 'python-requests/2.34.2', 'Accept-Encoding': 'gzip, deflate', 'Accept': '*/*', 'Connection': 'keep-alive', 'Content-Length': '55', 'Content-Type': 'application/json'} 
 body=b'{"email": "nobody@example.com", "password": "anything"}' 
 </msg>
<msg time="2026-06-17T10:23:53.678831" level="INFO">POST Response : url=https://reqres.in/api/login 
 status=401, reason=Unauthorized 
 headers={'Date': 'Wed, 17 Jun 2026 10:23:53 GMT', 'Content-Type': 'application/json; charset=utf-8', 'Content-Length': '895', 'Connection': 'keep-alive', 'Access-Control-Allow-Origin': '*', 'Cache-Control': 'no-store', 'Cross-Origin-Opener-Policy': 'same-origin', 'Cross-Origin-Resource-Policy': 'same-origin', 'Etag': 'W/"37f-NsZXA5wLvj0UkmsYJbtRNgFYDoo"', 'Nel': '{"report_to":"heroku-nel","response_headers":["Via"],"max_age":3600,"success_fraction":0.01,"failure_fraction":0.1}', 'Origin-Agent-Cluster': '?1', 'Referrer-Policy': 'strict-origin-when-cross-origin', 'Report-To': '{"group":"heroku-nel","endpoints":[{"url":"https://nel.heroku.com/reports?s=zwJaAhdcEikWIEzfjGJVagLtToRWXKsi0IMJa7fIosA%3D\\u0026sid=c4c9725f-1ab0-44d8-820f-430df2718e11\\u0026ts=1781691833"}],"max_age":3600}', 'Reporting-Endpoints': 'heroku-nel="https://nel.heroku.com/reports?s=zwJaAhdcEikWIEzfjGJVagLtToRWXKsi0IMJa7fIosA%3D&amp;sid=c4c9725f-1ab0-44d8-820f-430df2718e11&amp;ts=1781691833"', 'Server': 'cloudflare', 'Strict-Transport-Security': 'max-age=31536000; includeSubDomains', 'Via': '1.1 heroku-router', 'X-Content-Type-Options': 'nosniff', 'X-Dns-Prefetch-Control': 'off', 'X-Download-Options': 'noopen', 'X-Frame-Options': 'DENY', 'X-Permitted-Cross-Domain-Policies': 'none', 'X-Powered-By': 'ReqRes.in - Deploy backends in 30 seconds', 'X-Reqres-Docs': 'https://reqres.in', 'X-Reqres-Help': 'missing_api_key', 'X-Reqres-Message': 'This API is powered by ReqRes. Deploy your own backend in 30 seconds!', 'X-Reqres-Templates': 'https://app.reqres.in/templates', 'X-Reqres-Tip': 'Create your own backend with persistent data - app.reqres.in/dashboard', 'X-Reqres-Upgrade': 'https://app.reqres.in/upgrade', 'X-Request-Id': 'bfcb0f8f-c6c0-26a3-0088-328d4ebe998f', 'X-Robots-Tag': 'noindex, nofollow', 'X-Xss-Protection': '0', 'cf-cache-status': 'DYNAMIC', 'CF-RAY': 'a0d15767ae9cfc54-SJC'} 
 body={"error":"missing_api_key","message":"The x-api-key header is required for this endpoint.","hint":"Send x-api-key for admin calls (/api/*) or Authorization: Bearer &lt;token&gt; for app-user calls (/app/*).","next_steps":["Go to app.reqres.in/api-keys to get your key","Add header: x-api-key: &lt;your_key&gt;","For app user endpoints, use Authorization: Bearer &lt;session_token&gt; instead"],"docs_url":"https://app.reqres.in/docs#authentication","example_curl":"curl -H \"x-api-key: YOUR_API_KEY\" https://api.reqres.in/api/collections","_meta":{"powered_by":"ReqRes","docs_url":"https://app.reqres.in/documentation","upgrade_url":"https://app.reqres.in/upgrade","example_url":"https://app.reqres.in/examples/notes-app","variant":"v1_b","message":"Missing/invalid key. Grab a free key to keep responses consistent.","cta":{"label":"Get started","url":"https://app.reqres.in/api-keys"},"context":"invalid_key"}} 
 </msg>
<msg time="2026-06-17T10:23:53.678938" level="INFO">/opt/hostedtoolcache/Python/3.12.13/x64/lib/python3.12/site-packages/urllib3/connectionpool.py:1110: InsecureRequestWarning: Unverified HTTPS request is being made to host 'reqres.in'. Adding certificate verification is strongly advised. See: https://urllib3.readthedocs.io/en/latest/advanced-usage.html#tls-warnings
  warnings.warn(</msg>
<msg time="2026-06-17T10:23:53.679076" level="INFO">${response} = &lt;Response [401]&gt;</msg>
<var>${response}</var>
<arg>reqres</arg>
<arg>/login</arg>
<arg>json=&amp;{body}</arg>
<arg>expected_status=any</arg>
<doc>Sends a POST request on a previously created HTTP Session.</doc>
<status status="PASS" start="2026-06-17T10:23:53.537943" elapsed="0.141168"/>
</kw>
<return>
<value>${response}</value>
<status status="PASS" start="2026-06-17T10:23:53.679215" elapsed="0.000055"/>
</return>
<msg time="2026-06-17T10:23:53.679401" level="INFO">${response} = &lt;Response [401]&gt;</msg>
<var>${response}</var>
<arg>&amp;{body}</arg>
<status status="PASS" start="2026-06-17T10:23:53.537683" elapsed="0.141737"/>
</kw>
<kw name="Should Be Equal As Integers" owner="BuiltIn">
<msg time="2026-06-17T10:23:53.679977" level="INFO">Argument types are:
&lt;class 'int'&gt;
&lt;class 'str'&gt;</msg>
<msg time="2026-06-17T10:23:53.680059" level="FAIL">401 != 400</msg>
<arg>${response.status_code}</arg>
<arg>400</arg>
<doc>Fails if objects are unequal after converting them to integers.</doc>
<status status="FAIL" start="2026-06-17T10:23:53.679577" elapsed="0.000541">401 != 400</status>
</kw>
<kw name="Dictionary Should Contain Key">
<arg>${response.json()}</arg>
<arg>error</arg>
<status status="NOT RUN" start="2026-06-17T10:23:53.680239" elapsed="0.000016"/>
</kw>
<status status="FAIL" start="2026-06-17T10:23:53.536914" elapsed="0.143456">401 != 400</status>
</test>
<test id="s1-s2-t4" name="GET Delayed Response Returns 200 Within Timeout" line="26">
<kw name="GET On Session" owner="RequestsLibrary">
<msg time="2026-06-17T10:23:56.821568" level="INFO">GET Request : url=https://reqres.in/api/users?delay=3 
 path_url=/api/users?delay=3 
 headers={'User-Agent': 'python-requests/2.34.2', 'Accept-Encoding': 'gzip, deflate', 'Accept': '*/*', 'Connection': 'keep-alive'} 
 body=None 
 </msg>
<msg time="2026-06-17T10:23:56.821666" level="INFO">GET Response : url=https://reqres.in/api/users?delay=3 
 status=401, reason=Unauthorized 
 headers={'Date': 'Wed, 17 Jun 2026 10:23:56 GMT', 'Content-Type': 'application/json; charset=utf-8', 'Content-Length': '854', 'Connection': 'keep-alive', 'Access-Control-Allow-Origin': '*', 'Cache-Control': 'no-store', 'Cross-Origin-Opener-Policy': 'same-origin', 'Cross-Origin-Resource-Policy': 'same-origin', 'Etag': 'W/"356-3SOBwu5DiW3V62Koj5F7cYGfANE"', 'Nel': '{"report_to":"heroku-nel","response_headers":["Via"],"max_age":3600,"success_fraction":0.01,"failure_fraction":0.1}', 'Origin-Agent-Cluster': '?1', 'Referrer-Policy': 'strict-origin-when-cross-origin', 'Report-To': '{"group":"heroku-nel","endpoints":[{"url":"https://nel.heroku.com/reports?s=zwJaAhdcEikWIEzfjGJVagLtToRWXKsi0IMJa7fIosA%3D\\u0026sid=c4c9725f-1ab0-44d8-820f-430df2718e11\\u0026ts=1781691833"}],"max_age":3600}', 'Reporting-Endpoints': 'heroku-nel="https://nel.heroku.com/reports?s=zwJaAhdcEikWIEzfjGJVagLtToRWXKsi0IMJa7fIosA%3D&amp;sid=c4c9725f-1ab0-44d8-820f-430df2718e11&amp;ts=1781691833"', 'Server': 'cloudflare', 'Strict-Transport-Security': 'max-age=31536000; includeSubDomains', 'Via': '1.1 heroku-router', 'X-Content-Type-Options': 'nosniff', 'X-Dns-Prefetch-Control': 'off', 'X-Download-Options': 'noopen', 'X-Frame-Options': 'DENY', 'X-Permitted-Cross-Domain-Policies': 'none', 'X-Powered-By': 'ReqRes.in - Deploy backends in 30 seconds', 'X-Reqres-Docs': 'https://reqres.in', 'X-Reqres-Help': 'missing_api_key', 'X-Reqres-Message': 'This API is powered by ReqRes. Deploy your own backend in 30 seconds!', 'X-Reqres-Templates': 'https://app.reqres.in/templates', 'X-Reqres-Tip': 'Generate a complete backend from a description - app.reqres.in/dashboard', 'X-Reqres-Upgrade': 'https://app.reqres.in/upgrade', 'X-Request-Id': '9cf7c7ef-e4c6-e81a-ed19-3a80fb53151d', 'X-Robots-Tag': 'noindex, nofollow', 'X-Xss-Protection': '0', 'cf-cache-status': 'DYNAMIC', 'CF-RAY': 'a0d157688f17fc54-SJC'} 
 body={"error":"missing_api_key","message":"The x-api-key header is required for this endpoint.","hint":"Create a free key at app.reqres.in and send it as x-api-key.","next_steps":["Go to app.reqres.in/api-keys to get your key","Add header: x-api-key: &lt;your_key&gt;","For app user endpoints, use Authorization: Bearer &lt;session_token&gt; instead"],"docs_url":"https://app.reqres.in/docs#authentication","example_curl":"curl -H \"x-api-key: YOUR_API_KEY\" https://api.reqres.in/api/collections","_meta":{"powered_by":"ReqRes","docs_url":"https://app.reqres.in/documentation","upgrade_url":"https://app.reqres.in/upgrade","example_url":"https://app.reqres.in/examples/notes-app","variant":"v1_b","message":"Missing/invalid key. Grab a free key to keep responses consistent.","cta":{"label":"Get started","url":"https://app.reqres.in/api-keys"},"context":"invalid_key"}} 
 </msg>
<msg time="2026-06-17T10:23:56.821756" level="INFO">/opt/hostedtoolcache/Python/3.12.13/x64/lib/python3.12/site-packages/urllib3/connectionpool.py:1110: InsecureRequestWarning: Unverified HTTPS request is being made to host 'reqres.in'. Adding certificate verification is strongly advised. See: https://urllib3.readthedocs.io/en/latest/advanced-usage.html#tls-warnings
  warnings.warn(</msg>
<msg time="2026-06-17T10:23:56.821929" level="FAIL">Url: https://reqres.in/api/users?delay=3 Expected status: 401 != 200</msg>
<var>${response}</var>
<arg>reqres</arg>
<arg>/users</arg>
<arg>params=delay=3</arg>
<arg>expected_status=200</arg>
<doc>Sends a GET request on a previously created HTTP Session.</doc>
<status status="FAIL" start="2026-06-17T10:23:53.680954" elapsed="3.141874">Url: https://reqres.in/api/users?delay=3 Expected status: 401 != 200</status>
</kw>
<kw name="Get From Dictionary">
<var>${data}</var>
<arg>${response.json()}</arg>
<arg>data</arg>
<status status="NOT RUN" start="2026-06-17T10:23:56.823024" elapsed="0.000021"/>
</kw>
<kw name="Should Not Be Empty" owner="BuiltIn">
<arg>${data}</arg>
<doc>Verifies that the given item is not empty.</doc>
<status status="NOT RUN" start="2026-06-17T10:23:56.823138" elapsed="0.000018"/>
</kw>
<status status="FAIL" start="2026-06-17T10:23:53.680592" elapsed="3.142701">Url: https://reqres.in/api/users?delay=3 Expected status: 401 != 200</status>
</test>
<kw name="Delete API Session" owner="api_keywords" type="TEARDOWN">
<kw name="Delete All Sessions" owner="RequestsLibrary">
<msg time="2026-06-17T10:23:56.824054" level="INFO">Deleting All Sessions</msg>
<doc>Removes all the session objects</doc>
<status status="PASS" start="2026-06-17T10:23:56.823989" elapsed="0.000127"/>
</kw>
<status status="PASS" start="2026-06-17T10:23:56.823789" elapsed="0.000375"/>
</kw>
<status status="FAIL" start="2026-06-17T10:23:52.947265" elapsed="3.876924"/>
</suite>
<suite id="s1-s3" name="Users Crud" source="/home/runner/work/robot-api-tests/robot-api-tests/tests/users_crud.robot">
<kw name="Create API Session" owner="api_keywords" type="SETUP">
<kw name="Create Session" owner="RequestsLibrary">
<msg time="2026-06-17T10:23:56.826872" level="INFO">Creating Session using : alias=reqres, url=https://reqres.in/api, headers={},                     cookies={}, auth=None, timeout=10, proxies=None, verify=False,                     debug=0 </msg>
<arg>reqres</arg>
<arg>${BASE_URL}</arg>
<arg>timeout=${TIMEOUT}</arg>
<doc>Create Session: create a HTTP session to a server</doc>
<status status="PASS" start="2026-06-17T10:23:56.826692" elapsed="0.000309"/>
</kw>
<status status="PASS" start="2026-06-17T10:23:56.826536" elapsed="0.000523"/>
</kw>
<test id="s1-s3-t1" name="GET Users Returns Non-Empty List" line="9">
<kw name="GET On Session" owner="RequestsLibrary">
<msg time="2026-06-17T10:23:57.006865" level="INFO">GET Request : url=https://reqres.in/api/users 
 path_url=/api/users 
 headers={'User-Agent': 'python-requests/2.34.2', 'Accept-Encoding': 'gzip, deflate', 'Accept': '*/*', 'Connection': 'keep-alive'} 
 body=None 
 </msg>
<msg time="2026-06-17T10:23:57.006964" level="INFO">GET Response : url=https://reqres.in/api/users 
 status=401, reason=Unauthorized 
 headers={'Date': 'Wed, 17 Jun 2026 10:23:57 GMT', 'Content-Type': 'application/json; charset=utf-8', 'Content-Length': '854', 'Connection': 'keep-alive', 'Access-Control-Allow-Origin': '*', 'Cache-Control': 'no-store', 'Cross-Origin-Opener-Policy': 'same-origin', 'Cross-Origin-Resource-Policy': 'same-origin', 'Etag': 'W/"356-3SOBwu5DiW3V62Koj5F7cYGfANE"', 'Nel': '{"report_to":"heroku-nel","response_headers":["Via"],"max_age":3600,"success_fraction":0.01,"failure_fraction":0.1}', 'Origin-Agent-Cluster': '?1', 'Referrer-Policy': 'strict-origin-when-cross-origin', 'Report-To': '{"group":"heroku-nel","endpoints":[{"url":"https://nel.heroku.com/reports?s=fEs0xNE5I3%2BHqo3Vo8fu0W2ApmHJ5rzPmyAu2pdeCgA%3D\\u0026sid=c4c9725f-1ab0-44d8-820f-430df2718e11\\u0026ts=1781691836"}],"max_age":3600}', 'Reporting-Endpoints': 'heroku-nel="https://nel.heroku.com/reports?s=fEs0xNE5I3%2BHqo3Vo8fu0W2ApmHJ5rzPmyAu2pdeCgA%3D&amp;sid=c4c9725f-1ab0-44d8-820f-430df2718e11&amp;ts=1781691836"', 'Server': 'cloudflare', 'Strict-Transport-Security': 'max-age=31536000; includeSubDomains', 'Via': '1.1 heroku-router', 'X-Content-Type-Options': 'nosniff', 'X-Dns-Prefetch-Control': 'off', 'X-Download-Options': 'noopen', 'X-Frame-Options': 'DENY', 'X-Permitted-Cross-Domain-Policies': 'none', 'X-Powered-By': 'ReqRes.in - Deploy backends in 30 seconds', 'X-Reqres-Docs': 'https://reqres.in', 'X-Reqres-Help': 'missing_api_key', 'X-Reqres-Message': 'This API is powered by ReqRes. Deploy your own backend in 30 seconds!', 'X-Reqres-Templates': 'https://app.reqres.in/templates', 'X-Reqres-Tip': 'Need more than /api/users? Build custom collections - app.reqres.in/dashboard', 'X-Reqres-Upgrade': 'https://app.reqres.in/upgrade', 'X-Request-Id': '4dadb6c7-230e-c2fe-b157-b39e9600256e', 'X-Robots-Tag': 'noindex, nofollow', 'X-Xss-Protection': '0', 'cf-cache-status': 'BYPASS', 'CF-RAY': 'a0d1577c6ea37ab0-SJC'} 
 body={"error":"missing_api_key","message":"The x-api-key header is required for this endpoint.","hint":"Create a free key at app.reqres.in and send it as x-api-key.","next_steps":["Go to app.reqres.in/api-keys to get your key","Add header: x-api-key: &lt;your_key&gt;","For app user endpoints, use Authorization: Bearer &lt;session_token&gt; instead"],"docs_url":"https://app.reqres.in/docs#authentication","example_curl":"curl -H \"x-api-key: YOUR_API_KEY\" https://api.reqres.in/api/collections","_meta":{"powered_by":"ReqRes","docs_url":"https://app.reqres.in/documentation","upgrade_url":"https://app.reqres.in/upgrade","example_url":"https://app.reqres.in/examples/notes-app","variant":"v1_b","message":"Missing/invalid key. Grab a free key to keep responses consistent.","cta":{"label":"Get started","url":"https://app.reqres.in/api-keys"},"context":"invalid_key"}} 
 </msg>
<msg time="2026-06-17T10:23:57.007068" level="INFO">/opt/hostedtoolcache/Python/3.12.13/x64/lib/python3.12/site-packages/urllib3/connectionpool.py:1110: InsecureRequestWarning: Unverified HTTPS request is being made to host 'reqres.in'. Adding certificate verification is strongly advised. See: https://urllib3.readthedocs.io/en/latest/advanced-usage.html#tls-warnings
  warnings.warn(</msg>
<msg time="2026-06-17T10:23:57.007175" level="FAIL">Url: https://reqres.in/api/users Expected status: 401 != 200</msg>
<var>${response}</var>
<arg>reqres</arg>
<arg>/users</arg>
<arg>expected_status=200</arg>
<doc>Sends a GET request on a previously created HTTP Session.</doc>
<status status="FAIL" start="2026-06-17T10:23:56.827336" elapsed="0.180478">Url: https://reqres.in/api/users Expected status: 401 != 200</status>
</kw>
<kw name="Get From Dictionary">
<var>${data}</var>
<arg>${response.json()}</arg>
<arg>data</arg>
<status status="NOT RUN" start="2026-06-17T10:23:57.008027" elapsed="0.000021"/>
</kw>
<kw name="Should Not Be Empty" owner="BuiltIn">
<arg>${data}</arg>
<doc>Verifies that the given item is not empty.</doc>
<status status="NOT RUN" start="2026-06-17T10:23:57.008140" elapsed="0.000018"/>
</kw>
<status status="FAIL" start="2026-06-17T10:23:56.827104" elapsed="0.181183">Url: https://reqres.in/api/users Expected status: 401 != 200</status>
</test>
<test id="s1-s3-t2" name="GET Single User Returns Correct ID" line="14">
<kw name="Get User" owner="user_keywords">
<kw name="GET On Session" owner="RequestsLibrary">
<msg time="2026-06-17T10:23:57.277275" level="INFO">GET Request : url=https://reqres.in/api/users/2 
 path_url=/api/users/2 
 headers={'User-Agent': 'python-requests/2.34.2', 'Accept-Encoding': 'gzip, deflate', 'Accept': '*/*', 'Connection': 'keep-alive'} 
 body=None 
 </msg>
<msg time="2026-06-17T10:23:57.277369" level="INFO">GET Response : url=https://reqres.in/api/users/2 
 status=401, reason=Unauthorized 
 headers={'Date': 'Wed, 17 Jun 2026 10:23:57 GMT', 'Content-Type': 'application/json; charset=utf-8', 'Content-Length': '854', 'Connection': 'keep-alive', 'Access-Control-Allow-Origin': '*', 'Cache-Control': 'no-store', 'Cross-Origin-Opener-Policy': 'same-origin', 'Cross-Origin-Resource-Policy': 'same-origin', 'Etag': 'W/"356-3SOBwu5DiW3V62Koj5F7cYGfANE"', 'Nel': '{"report_to":"heroku-nel","response_headers":["Via"],"max_age":3600,"success_fraction":0.01,"failure_fraction":0.1}', 'Origin-Agent-Cluster': '?1', 'Referrer-Policy': 'strict-origin-when-cross-origin', 'Report-To': '{"group":"heroku-nel","endpoints":[{"url":"https://nel.heroku.com/reports?s=IQ3hJ8LL0WMS%2B3NxryQ6gNwpt2KrqeZ4AjE5sMKuBQE%3D\\u0026sid=c4c9725f-1ab0-44d8-820f-430df2718e11\\u0026ts=1781691837"}],"max_age":3600}', 'Reporting-Endpoints': 'heroku-nel="https://nel.heroku.com/reports?s=IQ3hJ8LL0WMS%2B3NxryQ6gNwpt2KrqeZ4AjE5sMKuBQE%3D&amp;sid=c4c9725f-1ab0-44d8-820f-430df2718e11&amp;ts=1781691837"', 'Server': 'cloudflare', 'Strict-Transport-Security': 'max-age=31536000; includeSubDomains', 'Via': '1.1 heroku-router', 'X-Content-Type-Options': 'nosniff', 'X-Dns-Prefetch-Control': 'off', 'X-Download-Options': 'noopen', 'X-Frame-Options': 'DENY', 'X-Permitted-Cross-Domain-Policies': 'none', 'X-Powered-By': 'ReqRes.in - Deploy backends in 30 seconds', 'X-Reqres-Docs': 'https://reqres.in', 'X-Reqres-Help': 'missing_api_key', 'X-Reqres-Message': 'This API is powered by ReqRes. Deploy your own backend in 30 seconds!', 'X-Reqres-Templates': 'https://app.reqres.in/templates', 'X-Reqres-Tip': 'Create your own backend with persistent data - app.reqres.in/dashboard', 'X-Reqres-Upgrade': 'https://app.reqres.in/upgrade', 'X-Request-Id': '1ebd58aa-cd44-35dd-a1e9-8f0ab5be9347', 'X-Robots-Tag': 'noindex, nofollow', 'X-Xss-Protection': '0', 'cf-cache-status': 'BYPASS', 'CF-RAY': 'a0d1577d5ecc7ab0-SJC'} 
 body={"error":"missing_api_key","message":"The x-api-key header is required for this endpoint.","hint":"Create a free key at app.reqres.in and send it as x-api-key.","next_steps":["Go to app.reqres.in/api-keys to get your key","Add header: x-api-key: &lt;your_key&gt;","For app user endpoints, use Authorization: Bearer &lt;session_token&gt; instead"],"docs_url":"https://app.reqres.in/docs#authentication","example_curl":"curl -H \"x-api-key: YOUR_API_KEY\" https://api.reqres.in/api/collections","_meta":{"powered_by":"ReqRes","docs_url":"https://app.reqres.in/documentation","upgrade_url":"https://app.reqres.in/upgrade","example_url":"https://app.reqres.in/examples/notes-app","variant":"v1_b","message":"Missing/invalid key. Grab a free key to keep responses consistent.","cta":{"label":"Get started","url":"https://app.reqres.in/api-keys"},"context":"invalid_key"}} 
 </msg>
<msg time="2026-06-17T10:23:57.277531" level="INFO">/opt/hostedtoolcache/Python/3.12.13/x64/lib/python3.12/site-packages/urllib3/connectionpool.py:1110: InsecureRequestWarning: Unverified HTTPS request is being made to host 'reqres.in'. Adding certificate verification is strongly advised. See: https://urllib3.readthedocs.io/en/latest/advanced-usage.html#tls-warnings
  warnings.warn(</msg>
<msg time="2026-06-17T10:23:57.277649" level="INFO">${response} = &lt;Response [401]&gt;</msg>
<var>${response}</var>
<arg>reqres</arg>
<arg>/users/${user_id}</arg>
<arg>expected_status=any</arg>
<doc>Sends a GET request on a previously created HTTP Session.</doc>
<status status="PASS" start="2026-06-17T10:23:57.009216" elapsed="0.268465"/>
</kw>
<return>
<value>${response}</value>
<status status="PASS" start="2026-06-17T10:23:57.277784" elapsed="0.000056"/>
</return>
<msg time="2026-06-17T10:23:57.277977" level="INFO">${response} = &lt;Response [401]&gt;</msg>
<var>${response}</var>
<arg>${VALID_USER_ID}</arg>
<status status="PASS" start="2026-06-17T10:23:57.008965" elapsed="0.269031"/>
</kw>
<kw name="Should Be Equal As Integers" owner="BuiltIn">
<msg time="2026-06-17T10:23:57.278592" level="INFO">Argument types are:
&lt;class 'int'&gt;
&lt;class 'str'&gt;</msg>
<msg time="2026-06-17T10:23:57.278680" level="FAIL">401 != 200</msg>
<arg>${response.status_code}</arg>
<arg>200</arg>
<doc>Fails if objects are unequal after converting them to integers.</doc>
<status status="FAIL" start="2026-06-17T10:23:57.278131" elapsed="0.000609">401 != 200</status>
</kw>
<kw name="Get From Dictionary">
<var>${data}</var>
<arg>${response.json()}</arg>
<arg>data</arg>
<status status="NOT RUN" start="2026-06-17T10:23:57.278863" elapsed="0.000017"/>
</kw>
<kw name="Should Be Equal As Integers" owner="BuiltIn">
<arg>${data}[id]</arg>
<arg>${VALID_USER_ID}</arg>
<doc>Fails if objects are unequal after converting them to integers.</doc>
<status status="NOT RUN" start="2026-06-17T10:23:57.278963" elapsed="0.000015"/>
</kw>
<status status="FAIL" start="2026-06-17T10:23:57.008522" elapsed="0.270571">401 != 200</status>
</test>
<test id="s1-s3-t3" name="POST Create User Returns 201 With Data" line="20">
<kw name="Create User" owner="user_keywords">
<kw name="Create Dictionary" owner="BuiltIn">
<msg time="2026-06-17T10:23:57.280192" level="INFO">&amp;{body} = { name=John Doe | job=QA Engineer }</msg>
<var>&amp;{body}</var>
<arg>name=${name}</arg>
<arg>job=${job}</arg>
<doc>Creates and returns a dictionary based on the given ``items``.</doc>
<status status="PASS" start="2026-06-17T10:23:57.279948" elapsed="0.000265"/>
</kw>
<kw name="POST On Session" owner="RequestsLibrary">
<msg time="2026-06-17T10:23:57.566994" level="INFO">POST Request : url=https://reqres.in/api/users 
 path_url=/api/users 
 headers={'User-Agent': 'python-requests/2.34.2', 'Accept-Encoding': 'gzip, deflate', 'Accept': '*/*', 'Connection': 'keep-alive', 'Content-Length': '42', 'Content-Type': 'application/json'} 
 body=b'{"name": "John Doe", "job": "QA Engineer"}' 
 </msg>
<msg time="2026-06-17T10:23:57.567090" level="INFO">POST Response : url=https://reqres.in/api/users 
 status=401, reason=Unauthorized 
 headers={'Date': 'Wed, 17 Jun 2026 10:23:57 GMT', 'Content-Type': 'application/json; charset=utf-8', 'Content-Length': '854', 'Connection': 'keep-alive', 'Access-Control-Allow-Origin': '*', 'Cache-Control': 'no-store', 'Cross-Origin-Opener-Policy': 'same-origin', 'Cross-Origin-Resource-Policy': 'same-origin', 'Etag': 'W/"356-3SOBwu5DiW3V62Koj5F7cYGfANE"', 'Nel': '{"report_to":"heroku-nel","response_headers":["Via"],"max_age":3600,"success_fraction":0.01,"failure_fraction":0.1}', 'Origin-Agent-Cluster': '?1', 'Referrer-Policy': 'strict-origin-when-cross-origin', 'Report-To': '{"group":"heroku-nel","endpoints":[{"url":"https://nel.heroku.com/reports?s=IQ3hJ8LL0WMS%2B3NxryQ6gNwpt2KrqeZ4AjE5sMKuBQE%3D\\u0026sid=c4c9725f-1ab0-44d8-820f-430df2718e11\\u0026ts=1781691837"}],"max_age":3600}', 'Reporting-Endpoints': 'heroku-nel="https://nel.heroku.com/reports?s=IQ3hJ8LL0WMS%2B3NxryQ6gNwpt2KrqeZ4AjE5sMKuBQE%3D&amp;sid=c4c9725f-1ab0-44d8-820f-430df2718e11&amp;ts=1781691837"', 'Server': 'cloudflare', 'Strict-Transport-Security': 'max-age=31536000; includeSubDomains', 'Via': '1.1 heroku-router', 'X-Content-Type-Options': 'nosniff', 'X-Dns-Prefetch-Control': 'off', 'X-Download-Options': 'noopen', 'X-Frame-Options': 'DENY', 'X-Permitted-Cross-Domain-Policies': 'none', 'X-Powered-By': 'ReqRes.in - Deploy backends in 30 seconds', 'X-Reqres-Docs': 'https://reqres.in', 'X-Reqres-Help': 'missing_api_key', 'X-Reqres-Message': 'This API is powered by ReqRes. Deploy your own backend in 30 seconds!', 'X-Reqres-Templates': 'https://app.reqres.in/templates', 'X-Reqres-Tip': 'Create your own backend with persistent data - app.reqres.in/dashboard', 'X-Reqres-Upgrade': 'https://app.reqres.in/upgrade', 'X-Request-Id': 'd9494509-7caf-d3ba-f047-07dde66b0890', 'X-Robots-Tag': 'noindex, nofollow', 'X-Xss-Protection': '0', 'cf-cache-status': 'DYNAMIC', 'CF-RAY': 'a0d1577f0f147ab0-SJC'} 
 body={"error":"missing_api_key","message":"The x-api-key header is required for this endpoint.","hint":"Create a free key at app.reqres.in and send it as x-api-key.","next_steps":["Go to app.reqres.in/api-keys to get your key","Add header: x-api-key: &lt;your_key&gt;","For app user endpoints, use Authorization: Bearer &lt;session_token&gt; instead"],"docs_url":"https://app.reqres.in/docs#authentication","example_curl":"curl -H \"x-api-key: YOUR_API_KEY\" https://api.reqres.in/api/collections","_meta":{"powered_by":"ReqRes","docs_url":"https://app.reqres.in/documentation","upgrade_url":"https://app.reqres.in/upgrade","example_url":"https://app.reqres.in/examples/notes-app","variant":"v1_b","message":"Missing/invalid key. Grab a free key to keep responses consistent.","cta":{"label":"Get started","url":"https://app.reqres.in/api-keys"},"context":"invalid_key"}} 
 </msg>
<msg time="2026-06-17T10:23:57.567174" level="INFO">/opt/hostedtoolcache/Python/3.12.13/x64/lib/python3.12/site-packages/urllib3/connectionpool.py:1110: InsecureRequestWarning: Unverified HTTPS request is being made to host 'reqres.in'. Adding certificate verification is strongly advised. See: https://urllib3.readthedocs.io/en/latest/advanced-usage.html#tls-warnings
  warnings.warn(</msg>
<msg time="2026-06-17T10:23:57.567295" level="FAIL">Url: https://reqres.in/api/users Expected status: 401 != 201</msg>
<var>${response}</var>
<arg>reqres</arg>
<arg>/users</arg>
<arg>json=&amp;{body}</arg>
<arg>expected_status=201</arg>
<doc>Sends a POST request on a previously created HTTP Session.</doc>
<status status="FAIL" start="2026-06-17T10:23:57.280304" elapsed="0.287606">Url: https://reqres.in/api/users Expected status: 401 != 201</status>
</kw>
<return>
<value>${response}</value>
<status status="NOT RUN" start="2026-06-17T10:23:57.568029" elapsed="0.000024"/>
</return>
<var>${response}</var>
<arg>John Doe</arg>
<arg>QA Engineer</arg>
<status status="FAIL" start="2026-06-17T10:23:57.279716" elapsed="0.288457">Url: https://reqres.in/api/users Expected status: 401 != 201</status>
</kw>
<kw name="Set Variable" owner="BuiltIn">
<var>${body}</var>
<arg>${response.json()}</arg>
<doc>Returns the given values which can then be assigned to a variables.</doc>
<status status="NOT RUN" start="2026-06-17T10:23:57.568326" elapsed="0.000021"/>
</kw>
<kw name="Should Be Equal" owner="BuiltIn">
<arg>${body}[name]</arg>
<arg>John Doe</arg>
<doc>Fails if the given objects are unequal.</doc>
<status status="NOT RUN" start="2026-06-17T10:23:57.568431" elapsed="0.000015"/>
</kw>
<kw name="Should Be Equal" owner="BuiltIn">
<arg>${body}[job]</arg>
<arg>QA Engineer</arg>
<doc>Fails if the given objects are unequal.</doc>
<status status="NOT RUN" start="2026-06-17T10:23:57.568571" elapsed="0.000016"/>
</kw>
<status status="FAIL" start="2026-06-17T10:23:57.279295" elapsed="0.289423">Url: https://reqres.in/api/users Expected status: 401 != 201</status>
</test>
<test id="s1-s3-t4" name="PUT Update User Returns 200 With Updated Fields" line="26">
<kw name="Update User" owner="user_keywords">
<kw name="Create Dictionary" owner="BuiltIn">
<msg time="2026-06-17T10:23:57.570194" level="INFO">&amp;{body} = { name=Jane Doe | job=Developer }</msg>
<var>&amp;{body}</var>
<arg>name=${name}</arg>
<arg>job=${job}</arg>
<doc>Creates and returns a dictionary based on the given ``items``.</doc>
<status status="PASS" start="2026-06-17T10:23:57.569671" elapsed="0.000547"/>
</kw>
<kw name="PUT On Session" owner="RequestsLibrary">
<msg time="2026-06-17T10:23:57.711270" level="INFO">PUT Request : url=https://reqres.in/api/users/2 
 path_url=/api/users/2 
 headers={'User-Agent': 'python-requests/2.34.2', 'Accept-Encoding': 'gzip, deflate', 'Accept': '*/*', 'Connection': 'keep-alive', 'Content-Length': '40', 'Content-Type': 'application/json'} 
 body=b'{"name": "Jane Doe", "job": "Developer"}' 
 </msg>
<msg time="2026-06-17T10:23:57.711363" level="INFO">PUT Response : url=https://reqres.in/api/users/2 
 status=401, reason=Unauthorized 
 headers={'Date': 'Wed, 17 Jun 2026 10:23:57 GMT', 'Content-Type': 'application/json; charset=utf-8', 'Content-Length': '854', 'Connection': 'keep-alive', 'Access-Control-Allow-Origin': '*', 'Cache-Control': 'no-store', 'Cross-Origin-Opener-Policy': 'same-origin', 'Cross-Origin-Resource-Policy': 'same-origin', 'Etag': 'W/"356-3SOBwu5DiW3V62Koj5F7cYGfANE"', 'Nel': '{"report_to":"heroku-nel","response_headers":["Via"],"max_age":3600,"success_fraction":0.01,"failure_fraction":0.1}', 'Origin-Agent-Cluster': '?1', 'Referrer-Policy': 'strict-origin-when-cross-origin', 'Report-To': '{"group":"heroku-nel","endpoints":[{"url":"https://nel.heroku.com/reports?s=IQ3hJ8LL0WMS%2B3NxryQ6gNwpt2KrqeZ4AjE5sMKuBQE%3D\\u0026sid=c4c9725f-1ab0-44d8-820f-430df2718e11\\u0026ts=1781691837"}],"max_age":3600}', 'Reporting-Endpoints': 'heroku-nel="https://nel.heroku.com/reports?s=IQ3hJ8LL0WMS%2B3NxryQ6gNwpt2KrqeZ4AjE5sMKuBQE%3D&amp;sid=c4c9725f-1ab0-44d8-820f-430df2718e11&amp;ts=1781691837"', 'Server': 'cloudflare', 'Strict-Transport-Security': 'max-age=31536000; includeSubDomains', 'Via': '1.1 heroku-router', 'X-Content-Type-Options': 'nosniff', 'X-Dns-Prefetch-Control': 'off', 'X-Download-Options': 'noopen', 'X-Frame-Options': 'DENY', 'X-Permitted-Cross-Domain-Policies': 'none', 'X-Powered-By': 'ReqRes.in - Deploy backends in 30 seconds', 'X-Reqres-Docs': 'https://reqres.in', 'X-Reqres-Help': 'missing_api_key', 'X-Reqres-Message': 'This API is powered by ReqRes. Deploy your own backend in 30 seconds!', 'X-Reqres-Templates': 'https://app.reqres.in/templates', 'X-Reqres-Tip': 'Create your own backend with persistent data - app.reqres.in/dashboard', 'X-Reqres-Upgrade': 'https://app.reqres.in/upgrade', 'X-Request-Id': '41f24db9-d112-ddd1-b078-7de890895af8', 'X-Robots-Tag': 'noindex, nofollow', 'X-Xss-Protection': '0', 'cf-cache-status': 'DYNAMIC', 'CF-RAY': 'a0d15780df547ab0-SJC'} 
 body={"error":"missing_api_key","message":"The x-api-key header is required for this endpoint.","hint":"Create a free key at app.reqres.in and send it as x-api-key.","next_steps":["Go to app.reqres.in/api-keys to get your key","Add header: x-api-key: &lt;your_key&gt;","For app user endpoints, use Authorization: Bearer &lt;session_token&gt; instead"],"docs_url":"https://app.reqres.in/docs#authentication","example_curl":"curl -H \"x-api-key: YOUR_API_KEY\" https://api.reqres.in/api/collections","_meta":{"powered_by":"ReqRes","docs_url":"https://app.reqres.in/documentation","upgrade_url":"https://app.reqres.in/upgrade","example_url":"https://app.reqres.in/examples/notes-app","variant":"v1_b","message":"Missing/invalid key. Grab a free key to keep responses consistent.","cta":{"label":"Get started","url":"https://app.reqres.in/api-keys"},"context":"invalid_key"}} 
 </msg>
<msg time="2026-06-17T10:23:57.711490" level="INFO">/opt/hostedtoolcache/Python/3.12.13/x64/lib/python3.12/site-packages/urllib3/connectionpool.py:1110: InsecureRequestWarning: Unverified HTTPS request is being made to host 'reqres.in'. Adding certificate verification is strongly advised. See: https://urllib3.readthedocs.io/en/latest/advanced-usage.html#tls-warnings
  warnings.warn(</msg>
<msg time="2026-06-17T10:23:57.711600" level="FAIL">Url: https://reqres.in/api/users/2 Expected status: 401 != 200</msg>
<var>${response}</var>
<arg>reqres</arg>
<arg>/users/${user_id}</arg>
<arg>json=&amp;{body}</arg>
<arg>expected_status=200</arg>
<doc>Sends a PUT request on a previously created HTTP Session.</doc>
<status status="FAIL" start="2026-06-17T10:23:57.570313" elapsed="0.141877">Url: https://reqres.in/api/users/2 Expected status: 401 != 200</status>
</kw>
<return>
<value>${response}</value>
<status status="NOT RUN" start="2026-06-17T10:23:57.712303" elapsed="0.000028"/>
</return>
<var>${response}</var>
<arg>${VALID_USER_ID}</arg>
<arg>Jane Doe</arg>
<arg>Developer</arg>
<status status="FAIL" start="2026-06-17T10:23:57.569364" elapsed="0.143075">Url: https://reqres.in/api/users/2 Expected status: 401 != 200</status>
</kw>
<kw name="Set Variable" owner="BuiltIn">
<var>${body}</var>
<arg>${response.json()}</arg>
<doc>Returns the given values which can then be assigned to a variables.</doc>
<status status="NOT RUN" start="2026-06-17T10:23:57.712624" elapsed="0.000021"/>
</kw>
<kw name="Should Be Equal" owner="BuiltIn">
<arg>${body}[name]</arg>
<arg>Jane Doe</arg>
<doc>Fails if the given objects are unequal.</doc>
<status status="NOT RUN" start="2026-06-17T10:23:57.712727" elapsed="0.000015"/>
</kw>
<kw name="Should Be Equal" owner="BuiltIn">
<arg>${body}[job]</arg>
<arg>Developer</arg>
<doc>Fails if the given objects are unequal.</doc>
<status status="NOT RUN" start="2026-06-17T10:23:57.712812" elapsed="0.000014"/>
</kw>
<status status="FAIL" start="2026-06-17T10:23:57.568927" elapsed="0.144021">Url: https://reqres.in/api/users/2 Expected status: 401 != 200</status>
</test>
<test id="s1-s3-t5" name="PATCH User Returns 200 With Patched Field" line="32">
<kw name="Patch User" owner="user_keywords">
<kw name="Create Dictionary" owner="BuiltIn">
<msg time="2026-06-17T10:23:57.714278" level="INFO">&amp;{body} = { name=Updated Name }</msg>
<var>&amp;{body}</var>
<arg>name=${name}</arg>
<doc>Creates and returns a dictionary based on the given ``items``.</doc>
<status status="PASS" start="2026-06-17T10:23:57.714052" elapsed="0.000248"/>
</kw>
<kw name="PATCH On Session" owner="RequestsLibrary">
<msg time="2026-06-17T10:23:57.858264" level="INFO">PATCH Request : url=https://reqres.in/api/users/2 
 path_url=/api/users/2 
 headers={'User-Agent': 'python-requests/2.34.2', 'Accept-Encoding': 'gzip, deflate', 'Accept': '*/*', 'Connection': 'keep-alive', 'Content-Length': '24', 'Content-Type': 'application/json'} 
 body=b'{"name": "Updated Name"}' 
 </msg>
<msg time="2026-06-17T10:23:57.858357" level="INFO">PATCH Response : url=https://reqres.in/api/users/2 
 status=401, reason=Unauthorized 
 headers={'Date': 'Wed, 17 Jun 2026 10:23:57 GMT', 'Content-Type': 'application/json; charset=utf-8', 'Content-Length': '854', 'Connection': 'keep-alive', 'Access-Control-Allow-Origin': '*', 'Cache-Control': 'no-store', 'Cross-Origin-Opener-Policy': 'same-origin', 'Cross-Origin-Resource-Policy': 'same-origin', 'Etag': 'W/"356-3SOBwu5DiW3V62Koj5F7cYGfANE"', 'Nel': '{"report_to":"heroku-nel","response_headers":["Via"],"max_age":3600,"success_fraction":0.01,"failure_fraction":0.1}', 'Origin-Agent-Cluster': '?1', 'Referrer-Policy': 'strict-origin-when-cross-origin', 'Report-To': '{"group":"heroku-nel","endpoints":[{"url":"https://nel.heroku.com/reports?s=IQ3hJ8LL0WMS%2B3NxryQ6gNwpt2KrqeZ4AjE5sMKuBQE%3D\\u0026sid=c4c9725f-1ab0-44d8-820f-430df2718e11\\u0026ts=1781691837"}],"max_age":3600}', 'Reporting-Endpoints': 'heroku-nel="https://nel.heroku.com/reports?s=IQ3hJ8LL0WMS%2B3NxryQ6gNwpt2KrqeZ4AjE5sMKuBQE%3D&amp;sid=c4c9725f-1ab0-44d8-820f-430df2718e11&amp;ts=1781691837"', 'Server': 'cloudflare', 'Strict-Transport-Security': 'max-age=31536000; includeSubDomains', 'Via': '1.1 heroku-router', 'X-Content-Type-Options': 'nosniff', 'X-Dns-Prefetch-Control': 'off', 'X-Download-Options': 'noopen', 'X-Frame-Options': 'DENY', 'X-Permitted-Cross-Domain-Policies': 'none', 'X-Powered-By': 'ReqRes.in - Deploy backends in 30 seconds', 'X-Reqres-Docs': 'https://reqres.in', 'X-Reqres-Help': 'missing_api_key', 'X-Reqres-Message': 'This API is powered by ReqRes. Deploy your own backend in 30 seconds!', 'X-Reqres-Templates': 'https://app.reqres.in/templates', 'X-Reqres-Tip': 'Add real user auth to your app with magic codes - reqres.in/docs', 'X-Reqres-Upgrade': 'https://app.reqres.in/upgrade', 'X-Request-Id': 'a6c7ca07-c855-38e9-faa5-55f299d4d498', 'X-Robots-Tag': 'noindex, nofollow', 'X-Xss-Protection': '0', 'cf-cache-status': 'DYNAMIC', 'CF-RAY': 'a0d15781bf717ab0-SJC'} 
 body={"error":"missing_api_key","message":"The x-api-key header is required for this endpoint.","hint":"Create a free key at app.reqres.in and send it as x-api-key.","next_steps":["Go to app.reqres.in/api-keys to get your key","Add header: x-api-key: &lt;your_key&gt;","For app user endpoints, use Authorization: Bearer &lt;session_token&gt; instead"],"docs_url":"https://app.reqres.in/docs#authentication","example_curl":"curl -H \"x-api-key: YOUR_API_KEY\" https://api.reqres.in/api/collections","_meta":{"powered_by":"ReqRes","docs_url":"https://app.reqres.in/documentation","upgrade_url":"https://app.reqres.in/upgrade","example_url":"https://app.reqres.in/examples/notes-app","variant":"v1_b","message":"Missing/invalid key. Grab a free key to keep responses consistent.","cta":{"label":"Get started","url":"https://app.reqres.in/api-keys"},"context":"invalid_key"}} 
 </msg>
<msg time="2026-06-17T10:23:57.858529" level="INFO">/opt/hostedtoolcache/Python/3.12.13/x64/lib/python3.12/site-packages/urllib3/connectionpool.py:1110: InsecureRequestWarning: Unverified HTTPS request is being made to host 'reqres.in'. Adding certificate verification is strongly advised. See: https://urllib3.readthedocs.io/en/latest/advanced-usage.html#tls-warnings
  warnings.warn(</msg>
<msg time="2026-06-17T10:23:57.858640" level="FAIL">Url: https://reqres.in/api/users/2 Expected status: 401 != 200</msg>
<var>${response}</var>
<arg>reqres</arg>
<arg>/users/${user_id}</arg>
<arg>json=&amp;{body}</arg>
<arg>expected_status=200</arg>
<doc>Sends a PATCH request on a previously created HTTP Session.</doc>
<status status="FAIL" start="2026-06-17T10:23:57.714387" elapsed="0.144831">Url: https://reqres.in/api/users/2 Expected status: 401 != 200</status>
</kw>
<return>
<value>${response}</value>
<status status="NOT RUN" start="2026-06-17T10:23:57.859338" elapsed="0.000027"/>
</return>
<var>${response}</var>
<arg>${VALID_USER_ID}</arg>
<arg>Updated Name</arg>
<status status="FAIL" start="2026-06-17T10:23:57.713660" elapsed="0.145840">Url: https://reqres.in/api/users/2 Expected status: 401 != 200</status>
</kw>
<kw name="Set Variable" owner="BuiltIn">
<var>${body}</var>
<arg>${response.json()}</arg>
<doc>Returns the given values which can then be assigned to a variables.</doc>
<status status="NOT RUN" start="2026-06-17T10:23:57.859643" elapsed="0.000021"/>
</kw>
<kw name="Should Be Equal" owner="BuiltIn">
<arg>${body}[name]</arg>
<arg>Updated Name</arg>
<doc>Fails if the given objects are unequal.</doc>
<status status="NOT RUN" start="2026-06-17T10:23:57.859741" elapsed="0.000014"/>
</kw>
<status status="FAIL" start="2026-06-17T10:23:57.713158" elapsed="0.146722">Url: https://reqres.in/api/users/2 Expected status: 401 != 200</status>
</test>
<test id="s1-s3-t6" name="DELETE User Returns 204" line="37">
<kw name="Delete User" owner="user_keywords">
<kw name="DELETE On Session" owner="RequestsLibrary">
<msg time="2026-06-17T10:23:58.005094" level="INFO">DELETE Request : url=https://reqres.in/api/users/2 
 path_url=/api/users/2 
 headers={'User-Agent': 'python-requests/2.34.2', 'Accept-Encoding': 'gzip, deflate', 'Accept': '*/*', 'Connection': 'keep-alive', 'Content-Length': '0'} 
 body=None 
 </msg>
<msg time="2026-06-17T10:23:58.005199" level="INFO">DELETE Response : url=https://reqres.in/api/users/2 
 status=401, reason=Unauthorized 
 headers={'Date': 'Wed, 17 Jun 2026 10:23:58 GMT', 'Content-Type': 'application/json; charset=utf-8', 'Content-Length': '854', 'Connection': 'keep-alive', 'Access-Control-Allow-Origin': '*', 'Cache-Control': 'no-store', 'Cross-Origin-Opener-Policy': 'same-origin', 'Cross-Origin-Resource-Policy': 'same-origin', 'Etag': 'W/"356-3SOBwu5DiW3V62Koj5F7cYGfANE"', 'Nel': '{"report_to":"heroku-nel","response_headers":["Via"],"max_age":3600,"success_fraction":0.01,"failure_fraction":0.1}', 'Origin-Agent-Cluster': '?1', 'Referrer-Policy': 'strict-origin-when-cross-origin', 'Report-To': '{"group":"heroku-nel","endpoints":[{"url":"https://nel.heroku.com/reports?s=IQ3hJ8LL0WMS%2B3NxryQ6gNwpt2KrqeZ4AjE5sMKuBQE%3D\\u0026sid=c4c9725f-1ab0-44d8-820f-430df2718e11\\u0026ts=1781691837"}],"max_age":3600}', 'Reporting-Endpoints': 'heroku-nel="https://nel.heroku.com/reports?s=IQ3hJ8LL0WMS%2B3NxryQ6gNwpt2KrqeZ4AjE5sMKuBQE%3D&amp;sid=c4c9725f-1ab0-44d8-820f-430df2718e11&amp;ts=1781691837"', 'Server': 'cloudflare', 'Strict-Transport-Security': 'max-age=31536000; includeSubDomains', 'Via': '1.1 heroku-router', 'X-Content-Type-Options': 'nosniff', 'X-Dns-Prefetch-Control': 'off', 'X-Download-Options': 'noopen', 'X-Frame-Options': 'DENY', 'X-Permitted-Cross-Domain-Policies': 'none', 'X-Powered-By': 'ReqRes.in - Deploy backends in 30 seconds', 'X-Reqres-Docs': 'https://reqres.in', 'X-Reqres-Help': 'missing_api_key', 'X-Reqres-Message': 'This API is powered by ReqRes. Deploy your own backend in 30 seconds!', 'X-Reqres-Templates': 'https://app.reqres.in/templates', 'X-Reqres-Tip': 'Need more than /api/users? Build custom collections - app.reqres.in/dashboard', 'X-Reqres-Upgrade': 'https://app.reqres.in/upgrade', 'X-Request-Id': 'ec7cdac0-8469-2198-b63a-65892541497f', 'X-Robots-Tag': 'noindex, nofollow', 'X-Xss-Protection': '0', 'cf-cache-status': 'DYNAMIC', 'CF-RAY': 'a0d15782afa37ab0-SJC'} 
 body={"error":"missing_api_key","message":"The x-api-key header is required for this endpoint.","hint":"Create a free key at app.reqres.in and send it as x-api-key.","next_steps":["Go to app.reqres.in/api-keys to get your key","Add header: x-api-key: &lt;your_key&gt;","For app user endpoints, use Authorization: Bearer &lt;session_token&gt; instead"],"docs_url":"https://app.reqres.in/docs#authentication","example_curl":"curl -H \"x-api-key: YOUR_API_KEY\" https://api.reqres.in/api/collections","_meta":{"powered_by":"ReqRes","docs_url":"https://app.reqres.in/documentation","upgrade_url":"https://app.reqres.in/upgrade","example_url":"https://app.reqres.in/examples/notes-app","variant":"v1_b","message":"Missing/invalid key. Grab a free key to keep responses consistent.","cta":{"label":"Get started","url":"https://app.reqres.in/api-keys"},"context":"invalid_key"}} 
 </msg>
<msg time="2026-06-17T10:23:58.005298" level="INFO">/opt/hostedtoolcache/Python/3.12.13/x64/lib/python3.12/site-packages/urllib3/connectionpool.py:1110: InsecureRequestWarning: Unverified HTTPS request is being made to host 'reqres.in'. Adding certificate verification is strongly advised. See: https://urllib3.readthedocs.io/en/latest/advanced-usage.html#tls-warnings
  warnings.warn(</msg>
<msg time="2026-06-17T10:23:58.005416" level="FAIL">Url: https://reqres.in/api/users/2 Expected status: 401 != 204</msg>
<var>${response}</var>
<arg>reqres</arg>
<arg>/users/${user_id}</arg>
<arg>expected_status=204</arg>
<doc>Sends a DELETE request on a previously created HTTP Session.</doc>
<status status="FAIL" start="2026-06-17T10:23:57.860751" elapsed="0.145327">Url: https://reqres.in/api/users/2 Expected status: 401 != 204</status>
</kw>
<return>
<value>${response}</value>
<status status="NOT RUN" start="2026-06-17T10:23:58.006189" elapsed="0.000027"/>
</return>
<var>${response}</var>
<arg>${VALID_USER_ID}</arg>
<status status="FAIL" start="2026-06-17T10:23:57.860500" elapsed="0.145828">Url: https://reqres.in/api/users/2 Expected status: 401 != 204</status>
</kw>
<kw name="Should Be Equal As Integers" owner="BuiltIn">
<arg>${response.status_code}</arg>
<arg>204</arg>
<doc>Fails if objects are unequal after converting them to integers.</doc>
<status status="NOT RUN" start="2026-06-17T10:23:58.006460" elapsed="0.000054"/>
</kw>
<status status="FAIL" start="2026-06-17T10:23:57.860085" elapsed="0.146566">Url: https://reqres.in/api/users/2 Expected status: 401 != 204</status>
</test>
<kw name="Delete API Session" owner="api_keywords" type="TEARDOWN">
<kw name="Delete All Sessions" owner="RequestsLibrary">
<msg time="2026-06-17T10:23:58.007355" level="INFO">Deleting All Sessions</msg>
<doc>Removes all the session objects</doc>
<status status="PASS" start="2026-06-17T10:23:58.007286" elapsed="0.000122"/>
</kw>
<status status="PASS" start="2026-06-17T10:23:58.007105" elapsed="0.000349"/>
</kw>
<status status="FAIL" start="2026-06-17T10:23:56.824651" elapsed="1.182848"/>
</suite>
<status status="FAIL" start="2026-06-17T10:23:51.593795" elapsed="6.414243"/>
</suite>
<statistics>
<total>
<stat pass="0" fail="14" skip="0">All Tests</stat>
</total>
<tag>
</tag>
<suite>
<stat pass="0" fail="14" skip="0" id="s1" name="Tests">Tests</stat>
<stat pass="0" fail="4" skip="0" id="s1-s1" name="Auth">Tests.Auth</stat>
<stat pass="0" fail="4" skip="0" id="s1-s2" name="Error Cases">Tests.Error Cases</stat>
<stat pass="0" fail="6" skip="0" id="s1-s3" name="Users Crud">Tests.Users Crud</stat>
</suite>
</statistics>
<errors>
</errors>
</robot>
